2013/08/05 13:34:30 [error] [exception.CException] exception 'CException' with message 'Alias "bootstrap.widgets.TbSelect2" is invalid. Make sure it points to an existing PHP file and the file is readable.' in X:\X_Dev\humanpixel\phyii\yii\framework\YiiBase.php:316
Stack trace:
#0 X:\X_Dev\humanpixel\phyii\yii\framework\web\CWidgetFactory.php(146): YiiBase::import('bootstrap.widge...', true)
#1 X:\X_Dev\humanpixel\phyii\yii\framework\web\CBaseController.php(146): CWidgetFactory->createWidget(Object(DecouvrirController), 'bootstrap.widge...', Array)
#2 X:\X_Dev\humanpixel\phyii\yii\framework\web\CBaseController.php(172): CBaseController->createWidget('bootstrap.widge...', Array)
#3 X:\X_Dev\humanpixel\phyii\ph\protected\views\decouvrir\modalCommune.php(48): CBaseController->widget('bootstrap.widge...', Array)
#4 X:\X_Dev\humanpixel\phyii\yii\framework\web\CBaseController.php(126): require('X:\X_Dev\humanp...')
#5 X:\X_Dev\humanpixel\phyii\yii\framework\web\CBaseController.php(95): CBaseController->renderInternal('X:\X_Dev\humanp...', NULL, true)
#6 X:\X_Dev\humanpixel\phyii\yii\framework\web\CController.php(869): CBaseController->renderFile('X:\X_Dev\humanp...', NULL, true)
#7 X:\X_Dev\humanpixel\phyii\ph\protected\views\decouvrir\index.php(11): CController->renderPartial('modalCommune')
#8 X:\X_Dev\humanpixel\phyii\yii\framework\web\CBaseController.php(126): require('X:\X_Dev\humanp...')
#9 X:\X_Dev\humanpixel\phyii\yii\framework\web\CBaseController.php(95): CBaseController->renderInternal('X:\X_Dev\humanp...', NULL, true)
#10 X:\X_Dev\humanpixel\phyii\yii\framework\web\CController.php(869): CBaseController->renderFile('X:\X_Dev\humanp...', NULL, true)
#11 X:\X_Dev\humanpixel\phyii\yii\framework\web\CController.php(782): CController->renderPartial('index', NULL, true)
#12 X:\X_Dev\humanpixel\phyii\ph\protected\controllers\DecouvrirController.php(55): CController->render('index')
#13 X:\X_Dev\humanpixel\phyii\yii\framework\web\actions\CInlineAction.php(49): DecouvrirController->actionIndex()
#14 X:\X_Dev\humanpixel\phyii\yii\framework\web\CController.php(308): CInlineAction->runWithParams(Array)
#15 X:\X_Dev\humanpixel\phyii\yii\framework\web\CController.php(286): CController->runAction(Object(CInlineAction))
#16 X:\X_Dev\humanpixel\phyii\yii\framework\web\CController.php(265): CController->runActionWithFilters(Object(CInlineAction), Array)
#17 X:\X_Dev\humanpixel\phyii\yii\framework\web\CWebApplication.php(282): CController->run('')
#18 X:\X_Dev\humanpixel\phyii\yii\framework\web\CWebApplication.php(141): CWebApplication->runController('decouvrir')
#19 X:\X_Dev\humanpixel\phyii\yii\framework\base\CApplication.php(180): CWebApplication->processRequest()
#20 X:\X_Dev\humanpixel\phyii\ph\index.php(18): CApplication->run()
#21 {main}
REQUEST_URI=/phyii/index.php?r=decouvrir
---
2013/08/05 14:35:49 [error] [exception.CHttpException.404] exception 'CHttpException' with message 'The system is unable to find the requested action "regsiter".' in X:\X_Dev\humanpixel\phyii\yii\framework\web\CController.php:483
Stack trace:
#0 X:\X_Dev\humanpixel\phyii\yii\framework\web\CController.php(270): CController->missingAction('regsiter')
#1 X:\X_Dev\humanpixel\phyii\yii\framework\web\CWebApplication.php(282): CController->run('regsiter')
#2 X:\X_Dev\humanpixel\phyii\yii\framework\web\CWebApplication.php(141): CWebApplication->runController('site/regsiter')
#3 X:\X_Dev\humanpixel\phyii\yii\framework\base\CApplication.php(180): CWebApplication->processRequest()
#4 X:\X_Dev\humanpixel\phyii\ph\index.php(18): CApplication->run()
#5 {main}
REQUEST_URI=/phyii/index.php?r=site/regsiter
---
2013/08/05 14:48:44 [error] [php] Undefined variable: comment (X:\X_Dev\humanpixel\phyii\ph\protected\controllers\SiteController.php:117)
Stack trace:
#0 X:\X_Dev\humanpixel\phyii\yii\framework\web\CController.php(286): SiteController->runAction()
#1 X:\X_Dev\humanpixel\phyii\yii\framework\web\CController.php(265): SiteController->runActionWithFilters()
#2 X:\X_Dev\humanpixel\phyii\yii\framework\web\CWebApplication.php(282): SiteController->run()
#3 X:\X_Dev\humanpixel\phyii\yii\framework\web\CWebApplication.php(141): CWebApplication->runController()
#4 X:\X_Dev\humanpixel\phyii\yii\framework\base\CApplication.php(180): CWebApplication->processRequest()
#5 X:\X_Dev\humanpixel\phyii\ph\index.php(18): CWebApplication->run()
REQUEST_URI=/phyii/index.php?r=site/register
in X:\X_Dev\humanpixel\phyii\ph\protected\controllers\SiteController.php (117)
in X:\X_Dev\humanpixel\phyii\ph\index.php (18)
2013/08/06 09:21:42 [error] [php] Undefined variable: page (X:\X_Dev\humanpixel\phyii\ph\protected\controllers\PixelsActifsController.php:28)
Stack trace:
#0 X:\X_Dev\humanpixel\phyii\yii\framework\web\CController.php(286): PixelsActifsController->runAction()
#1 X:\X_Dev\humanpixel\phyii\yii\framework\web\CController.php(265): PixelsActifsController->runActionWithFilters()
#2 X:\X_Dev\humanpixel\phyii\yii\framework\web\CWebApplication.php(282): PixelsActifsController->run()
#3 X:\X_Dev\humanpixel\phyii\yii\framework\web\CWebApplication.php(141): CWebApplication->runController()
#4 X:\X_Dev\humanpixel\phyii\yii\framework\base\CApplication.php(180): CWebApplication->processRequest()
#5 X:\X_Dev\humanpixel\phyii\ph\index.php(18): CWebApplication->run()
REQUEST_URI=/phyii/index.php?r=pixelsActifs
in X:\X_Dev\humanpixel\phyii\ph\protected\controllers\PixelsActifsController.php (28)
in X:\X_Dev\humanpixel\phyii\ph\index.php (18)
2013/08/06 09:21:55 [error] [exception.CException] exception 'CException' with message 'PixelsActifsController cannot find the requested view "modalCommune".' in X:\X_Dev\humanpixel\phyii\yii\framework\web\CController.php:878
Stack trace:
#0 X:\X_Dev\humanpixel\phyii\ph\protected\views\pixelsActifs\index.php(11): CController->renderPartial('modalCommune')
#1 X:\X_Dev\humanpixel\phyii\yii\framework\web\CBaseController.php(126): require('X:\X_Dev\humanp...')
#2 X:\X_Dev\humanpixel\phyii\yii\framework\web\CBaseController.php(95): CBaseController->renderInternal('X:\X_Dev\humanp...', NULL, true)
#3 X:\X_Dev\humanpixel\phyii\yii\framework\web\CController.php(869): CBaseController->renderFile('X:\X_Dev\humanp...', NULL, true)
#4 X:\X_Dev\humanpixel\phyii\yii\framework\web\CController.php(782): CController->renderPartial('index', NULL, true)
#5 X:\X_Dev\humanpixel\phyii\ph\protected\controllers\PixelsActifsController.php(28): CController->render('index')
#6 X:\X_Dev\humanpixel\phyii\yii\framework\web\actions\CInlineAction.php(49): PixelsActifsController->actionIndex()
#7 X:\X_Dev\humanpixel\phyii\yii\framework\web\CController.php(308): CInlineAction->runWithParams(Array)
#8 X:\X_Dev\humanpixel\phyii\yii\framework\web\CController.php(286): CController->runAction(Object(CInlineAction))
#9 X:\X_Dev\humanpixel\phyii\yii\framework\web\CController.php(265): CController->runActionWithFilters(Object(CInlineAction), Array)
#10 X:\X_Dev\humanpixel\phyii\yii\framework\web\CWebApplication.php(282): CController->run('')
#11 X:\X_Dev\humanpixel\phyii\yii\framework\web\CWebApplication.php(141): CWebApplication->runController('pixelsActifs')
#12 X:\X_Dev\humanpixel\phyii\yii\framework\base\CApplication.php(180): CWebApplication->processRequest()
#13 X:\X_Dev\humanpixel\phyii\ph\index.php(18): CApplication->run()
#14 {main}
REQUEST_URI=/phyii/index.php?r=pixelsActifs
---
2013/08/07 11:05:13 [error] [php] Undefined index: geoPosition (X:\X_Dev\humanpixel\phyii\ph\protected\views\pixelsActifs\index.php:93)
Stack trace:
#0 X:\X_Dev\humanpixel\phyii\yii\framework\web\CController.php(869): PixelsActifsController->renderFile()
#1 X:\X_Dev\humanpixel\phyii\yii\framework\web\CController.php(782): PixelsActifsController->renderPartial()
#2 X:\X_Dev\humanpixel\phyii\ph\protected\controllers\PixelsActifsController.php(23): PixelsActifsController->render()
#3 X:\X_Dev\humanpixel\phyii\yii\framework\web\actions\CInlineAction.php(49): PixelsActifsController->actionIndex()
#4 X:\X_Dev\humanpixel\phyii\yii\framework\web\CController.php(308): CInlineAction->runWithParams()
#5 X:\X_Dev\humanpixel\phyii\yii\framework\web\CController.php(286): PixelsActifsController->runAction()
#6 X:\X_Dev\humanpixel\phyii\yii\framework\web\CController.php(265): PixelsActifsController->runActionWithFilters()
#7 X:\X_Dev\humanpixel\phyii\yii\framework\web\CWebApplication.php(282): PixelsActifsController->run()
#8 X:\X_Dev\humanpixel\phyii\yii\framework\web\CWebApplication.php(141): CWebApplication->runController()
#9 X:\X_Dev\humanpixel\phyii\yii\framework\base\CApplication.php(180): CWebApplication->processRequest()
#10 X:\X_Dev\humanpixel\phyii\ph\index.php(18): CWebApplication->run()
REQUEST_URI=/phyii/index.php?r=pixelsActifs
in X:\X_Dev\humanpixel\phyii\ph\protected\views\pixelsActifs\index.php (93)
in X:\X_Dev\humanpixel\phyii\ph\protected\controllers\PixelsActifsController.php (23)
in X:\X_Dev\humanpixel\phyii\ph\index.php (18)
2013/08/07 11:08:21 [error] [php] Undefined index: geoPosition (X:\X_Dev\humanpixel\phyii\ph\protected\views\pixelsActifs\index.php:93)
Stack trace:
#0 X:\X_Dev\humanpixel\phyii\yii\framework\web\CController.php(869): PixelsActifsController->renderFile()
#1 X:\X_Dev\humanpixel\phyii\yii\framework\web\CController.php(782): PixelsActifsController->renderPartial()
#2 X:\X_Dev\humanpixel\phyii\ph\protected\controllers\PixelsActifsController.php(23): PixelsActifsController->render()
#3 X:\X_Dev\humanpixel\phyii\yii\framework\web\actions\CInlineAction.php(49): PixelsActifsController->actionIndex()
#4 X:\X_Dev\humanpixel\phyii\yii\framework\web\CController.php(308): CInlineAction->runWithParams()
#5 X:\X_Dev\humanpixel\phyii\yii\framework\web\CController.php(286): PixelsActifsController->runAction()
#6 X:\X_Dev\humanpixel\phyii\yii\framework\web\CController.php(265): PixelsActifsController->runActionWithFilters()
#7 X:\X_Dev\humanpixel\phyii\yii\framework\web\CWebApplication.php(282): PixelsActifsController->run()
#8 X:\X_Dev\humanpixel\phyii\yii\framework\web\CWebApplication.php(141): CWebApplication->runController()
#9 X:\X_Dev\humanpixel\phyii\yii\framework\base\CApplication.php(180): CWebApplication->processRequest()
#10 X:\X_Dev\humanpixel\phyii\ph\index.php(18): CWebApplication->run()
REQUEST_URI=/phyii/index.php?r=pixelsActifs
in X:\X_Dev\humanpixel\phyii\ph\protected\views\pixelsActifs\index.php (93)
in X:\X_Dev\humanpixel\phyii\ph\protected\controllers\PixelsActifsController.php (23)
in X:\X_Dev\humanpixel\phyii\ph\index.php (18)
2013/08/07 11:08:33 [error] [php] Undefined index: cp (X:\X_Dev\humanpixel\phyii\ph\protected\views\pixelsActifs\index.php:93)
Stack trace:
#0 X:\X_Dev\humanpixel\phyii\yii\framework\web\CController.php(869): PixelsActifsController->renderFile()
#1 X:\X_Dev\humanpixel\phyii\yii\framework\web\CController.php(782): PixelsActifsController->renderPartial()
#2 X:\X_Dev\humanpixel\phyii\ph\protected\controllers\PixelsActifsController.php(23): PixelsActifsController->render()
#3 X:\X_Dev\humanpixel\phyii\yii\framework\web\actions\CInlineAction.php(49): PixelsActifsController->actionIndex()
#4 X:\X_Dev\humanpixel\phyii\yii\framework\web\CController.php(308): CInlineAction->runWithParams()
#5 X:\X_Dev\humanpixel\phyii\yii\framework\web\CController.php(286): PixelsActifsController->runAction()
#6 X:\X_Dev\humanpixel\phyii\yii\framework\web\CController.php(265): PixelsActifsController->runActionWithFilters()
#7 X:\X_Dev\humanpixel\phyii\yii\framework\web\CWebApplication.php(282): PixelsActifsController->run()
#8 X:\X_Dev\humanpixel\phyii\yii\framework\web\CWebApplication.php(141): CWebApplication->runController()
#9 X:\X_Dev\humanpixel\phyii\yii\framework\base\CApplication.php(180): CWebApplication->processRequest()
#10 X:\X_Dev\humanpixel\phyii\ph\index.php(18): CWebApplication->run()
REQUEST_URI=/phyii/index.php?r=pixelsActifs
in X:\X_Dev\humanpixel\phyii\ph\protected\views\pixelsActifs\index.php (93)
in X:\X_Dev\humanpixel\phyii\ph\protected\controllers\PixelsActifsController.php (23)
in X:\X_Dev\humanpixel\phyii\ph\index.php (18)
2013/08/07 11:10:30 [error] [php] Undefined index: name (X:\X_Dev\humanpixel\phyii\ph\protected\views\pixelsActifs\index.php:93)
Stack trace:
#0 X:\X_Dev\humanpixel\phyii\yii\framework\web\CController.php(869): PixelsActifsController->renderFile()
#1 X:\X_Dev\humanpixel\phyii\yii\framework\web\CController.php(782): PixelsActifsController->renderPartial()
#2 X:\X_Dev\humanpixel\phyii\ph\protected\controllers\PixelsActifsController.php(23): PixelsActifsController->render()
#3 X:\X_Dev\humanpixel\phyii\yii\framework\web\actions\CInlineAction.php(49): PixelsActifsController->actionIndex()
#4 X:\X_Dev\humanpixel\phyii\yii\framework\web\CController.php(308): CInlineAction->runWithParams()
#5 X:\X_Dev\humanpixel\phyii\yii\framework\web\CController.php(286): PixelsActifsController->runAction()
#6 X:\X_Dev\humanpixel\phyii\yii\framework\web\CController.php(265): PixelsActifsController->runActionWithFilters()
#7 X:\X_Dev\humanpixel\phyii\yii\framework\web\CWebApplication.php(282): PixelsActifsController->run()
#8 X:\X_Dev\humanpixel\phyii\yii\framework\web\CWebApplication.php(141): CWebApplication->runController()
#9 X:\X_Dev\humanpixel\phyii\yii\framework\base\CApplication.php(180): CWebApplication->processRequest()
#10 X:\X_Dev\humanpixel\phyii\ph\index.php(18): CWebApplication->run()
REQUEST_URI=/phyii/index.php?r=pixelsActifs
in X:\X_Dev\humanpixel\phyii\ph\protected\views\pixelsActifs\index.php (93)
in X:\X_Dev\humanpixel\phyii\ph\protected\controllers\PixelsActifsController.php (23)
in X:\X_Dev\humanpixel\phyii\ph\index.php (18)
2013/08/07 11:25:38 [error] [exception.CException] exception 'CException' with message 'Property "PixelsActifsController.scripts" is not defined.' in X:\X_Dev\humanpixel\phyii\yii\framework\base\CComponent.php:173
Stack trace:
#0 X:\X_Dev\humanpixel\phyii\ph\protected\views\pixelsActifs\index.php(5): CComponent->__set('scripts', '??<link rel="st...')
#1 X:\X_Dev\humanpixel\phyii\yii\framework\web\CBaseController.php(126): require('X:\X_Dev\humanp...')
#2 X:\X_Dev\humanpixel\phyii\yii\framework\web\CBaseController.php(95): CBaseController->renderInternal('X:\X_Dev\humanp...', NULL, true)
#3 X:\X_Dev\humanpixel\phyii\yii\framework\web\CController.php(869): CBaseController->renderFile('X:\X_Dev\humanp...', NULL, true)
#4 X:\X_Dev\humanpixel\phyii\yii\framework\web\CController.php(782): CController->renderPartial('index', NULL, true)
#5 X:\X_Dev\humanpixel\phyii\ph\protected\controllers\PixelsActifsController.php(23): CController->render('index')
#6 X:\X_Dev\humanpixel\phyii\yii\framework\web\actions\CInlineAction.php(49): PixelsActifsController->actionIndex()
#7 X:\X_Dev\humanpixel\phyii\yii\framework\web\CController.php(308): CInlineAction->runWithParams(Array)
#8 X:\X_Dev\humanpixel\phyii\yii\framework\web\CController.php(286): CController->runAction(Object(CInlineAction))
#9 X:\X_Dev\humanpixel\phyii\yii\framework\web\CController.php(265): CController->runActionWithFilters(Object(CInlineAction), Array)
#10 X:\X_Dev\humanpixel\phyii\yii\framework\web\CWebApplication.php(282): CController->run('')
#11 X:\X_Dev\humanpixel\phyii\yii\framework\web\CWebApplication.php(141): CWebApplication->runController('pixelsActifs')
#12 X:\X_Dev\humanpixel\phyii\yii\framework\base\CApplication.php(180): CWebApplication->processRequest()
#13 X:\X_Dev\humanpixel\phyii\ph\index.php(18): CApplication->run()
#14 {main}
REQUEST_URI=/phyii/index.php?r=pixelsActifs
---
2013/08/07 11:27:23 [error] [exception.CException] exception 'CException' with message 'Property "PixelsActifsController.scripts" is not defined.' in X:\X_Dev\humanpixel\phyii\yii\framework\base\CComponent.php:173
Stack trace:
#0 X:\X_Dev\humanpixel\phyii\ph\protected\views\pixelsActifs\index.php(5): CComponent->__set('scripts', '????')
#1 X:\X_Dev\humanpixel\phyii\yii\framework\web\CBaseController.php(126): require('X:\X_Dev\humanp...')
#2 X:\X_Dev\humanpixel\phyii\yii\framework\web\CBaseController.php(95): CBaseController->renderInternal('X:\X_Dev\humanp...', NULL, true)
#3 X:\X_Dev\humanpixel\phyii\yii\framework\web\CController.php(869): CBaseController->renderFile('X:\X_Dev\humanp...', NULL, true)
#4 X:\X_Dev\humanpixel\phyii\yii\framework\web\CController.php(782): CController->renderPartial('index', NULL, true)
#5 X:\X_Dev\humanpixel\phyii\ph\protected\controllers\PixelsActifsController.php(23): CController->render('index')
#6 X:\X_Dev\humanpixel\phyii\yii\framework\web\actions\CInlineAction.php(49): PixelsActifsController->actionIndex()
#7 X:\X_Dev\humanpixel\phyii\yii\framework\web\CController.php(308): CInlineAction->runWithParams(Array)
#8 X:\X_Dev\humanpixel\phyii\yii\framework\web\CController.php(286): CController->runAction(Object(CInlineAction))
#9 X:\X_Dev\humanpixel\phyii\yii\framework\web\CController.php(265): CController->runActionWithFilters(Object(CInlineAction), Array)
#10 X:\X_Dev\humanpixel\phyii\yii\framework\web\CWebApplication.php(282): CController->run('')
#11 X:\X_Dev\humanpixel\phyii\yii\framework\web\CWebApplication.php(141): CWebApplication->runController('pixelsActifs')
#12 X:\X_Dev\humanpixel\phyii\yii\framework\base\CApplication.php(180): CWebApplication->processRequest()
#13 X:\X_Dev\humanpixel\phyii\ph\index.php(18): CApplication->run()
#14 {main}
REQUEST_URI=/phyii/index.php?r=pixelsActifs
---
2013/08/07 11:27:33 [error] [exception.CException] exception 'CException' with message 'Property "PixelsActifsController.scripts" is not defined.' in X:\X_Dev\humanpixel\phyii\yii\framework\base\CComponent.php:173
Stack trace:
#0 X:\X_Dev\humanpixel\phyii\ph\protected\views\pixelsActifs\index.php(5): CComponent->__set('scripts', '????')
#1 X:\X_Dev\humanpixel\phyii\yii\framework\web\CBaseController.php(126): require('X:\X_Dev\humanp...')
#2 X:\X_Dev\humanpixel\phyii\yii\framework\web\CBaseController.php(95): CBaseController->renderInternal('X:\X_Dev\humanp...', NULL, true)
#3 X:\X_Dev\humanpixel\phyii\yii\framework\web\CController.php(869): CBaseController->renderFile('X:\X_Dev\humanp...', NULL, true)
#4 X:\X_Dev\humanpixel\phyii\yii\framework\web\CController.php(782): CController->renderPartial('index', NULL, true)
#5 X:\X_Dev\humanpixel\phyii\ph\protected\controllers\PixelsActifsController.php(23): CController->render('index')
#6 X:\X_Dev\humanpixel\phyii\yii\framework\web\actions\CInlineAction.php(49): PixelsActifsController->actionIndex()
#7 X:\X_Dev\humanpixel\phyii\yii\framework\web\CController.php(308): CInlineAction->runWithParams(Array)
#8 X:\X_Dev\humanpixel\phyii\yii\framework\web\CController.php(286): CController->runAction(Object(CInlineAction))
#9 X:\X_Dev\humanpixel\phyii\yii\framework\web\CController.php(265): CController->runActionWithFilters(Object(CInlineAction), Array)
#10 X:\X_Dev\humanpixel\phyii\yii\framework\web\CWebApplication.php(282): CController->run('')
#11 X:\X_Dev\humanpixel\phyii\yii\framework\web\CWebApplication.php(141): CWebApplication->runController('pixelsActifs')
#12 X:\X_Dev\humanpixel\phyii\yii\framework\base\CApplication.php(180): CWebApplication->processRequest()
#13 X:\X_Dev\humanpixel\phyii\ph\index.php(18): CApplication->run()
#14 {main}
REQUEST_URI=/phyii/index.php?r=pixelsActifs
---
2013/08/07 15:32:38 [error] [php] Undefined index: name (X:\X_Dev\humanpixel\phyii\ph\protected\views\pixelsActifs\index.php:69)
Stack trace:
#0 X:\X_Dev\humanpixel\phyii\yii\framework\web\CController.php(869): PixelsActifsController->renderFile()
#1 X:\X_Dev\humanpixel\phyii\yii\framework\web\CController.php(782): PixelsActifsController->renderPartial()
#2 X:\X_Dev\humanpixel\phyii\ph\protected\controllers\PixelsActifsController.php(23): PixelsActifsController->render()
#3 X:\X_Dev\humanpixel\phyii\yii\framework\web\actions\CInlineAction.php(49): PixelsActifsController->actionIndex()
#4 X:\X_Dev\humanpixel\phyii\yii\framework\web\CController.php(308): CInlineAction->runWithParams()
#5 X:\X_Dev\humanpixel\phyii\yii\framework\web\CController.php(286): PixelsActifsController->runAction()
#6 X:\X_Dev\humanpixel\phyii\yii\framework\web\CController.php(265): PixelsActifsController->runActionWithFilters()
#7 X:\X_Dev\humanpixel\phyii\yii\framework\web\CWebApplication.php(282): PixelsActifsController->run()
#8 X:\X_Dev\humanpixel\phyii\yii\framework\web\CWebApplication.php(141): CWebApplication->runController()
#9 X:\X_Dev\humanpixel\phyii\yii\framework\base\CApplication.php(180): CWebApplication->processRequest()
#10 X:\X_Dev\humanpixel\phyii\ph\index.php(18): CWebApplication->run()
REQUEST_URI=/phyii/index.php?r=pixelsActifs
in X:\X_Dev\humanpixel\phyii\ph\protected\views\pixelsActifs\index.php (69)
in X:\X_Dev\humanpixel\phyii\ph\protected\controllers\PixelsActifsController.php (23)
in X:\X_Dev\humanpixel\phyii\ph\index.php (18)
2013/08/07 16:10:46 [error] [exception.CHttpException.404] exception 'CHttpException' with message 'Unable to resolve the request "pixelActifs".' in X:\X_Dev\humanpixel\phyii\yii\framework\web\CWebApplication.php:286
Stack trace:
#0 X:\X_Dev\humanpixel\phyii\yii\framework\web\CWebApplication.php(141): CWebApplication->runController('pixelActifs')
#1 X:\X_Dev\humanpixel\phyii\yii\framework\base\CApplication.php(180): CWebApplication->processRequest()
#2 X:\X_Dev\humanpixel\phyii\ph\index.php(18): CApplication->run()
#3 {main}
REQUEST_URI=/phyii/index.php?r=pixelActifs
HTTP_REFERER=http://127.0.0.1/phyii/index.php?r=pixelsActifs
---
2013/08/07 16:10:55 [error] [exception.CHttpException.404] exception 'CHttpException' with message 'Unable to resolve the request "pixelActifs".' in X:\X_Dev\humanpixel\phyii\yii\framework\web\CWebApplication.php:286
Stack trace:
#0 X:\X_Dev\humanpixel\phyii\yii\framework\web\CWebApplication.php(141): CWebApplication->runController('pixelActifs')
#1 X:\X_Dev\humanpixel\phyii\yii\framework\base\CApplication.php(180): CWebApplication->processRequest()
#2 X:\X_Dev\humanpixel\phyii\ph\index.php(18): CApplication->run()
#3 {main}
REQUEST_URI=/phyii/index.php?r=pixelActifs
HTTP_REFERER=http://127.0.0.1/phyii/index.php?r=pixelsActifs
---
2013/08/07 16:47:32 [error] [php] Undefined variable: cursor (X:\X_Dev\humanpixel\phyii\ph\protected\views\layouts\extra.php:42)
Stack trace:
#0 X:\X_Dev\humanpixel\phyii\yii\framework\web\CController.php(869): SiteController->renderFile()
#1 X:\X_Dev\humanpixel\phyii\ph\protected\views\layouts\main.php(36): SiteController->renderPartial()
#2 X:\X_Dev\humanpixel\phyii\yii\framework\web\CBaseController.php(126): require()
#3 X:\X_Dev\humanpixel\phyii\yii\framework\web\CBaseController.php(95): SiteController->renderInternal()
#4 X:\X_Dev\humanpixel\phyii\yii\framework\web\widgets\CContentDecorator.php(76): SiteController->renderFile()
#5 X:\X_Dev\humanpixel\phyii\yii\framework\web\widgets\CContentDecorator.php(54): CContentDecorator->decorate()
#6 X:\X_Dev\humanpixel\phyii\yii\framework\web\widgets\COutputProcessor.php(44): CContentDecorator->processOutput()
#7 X:\X_Dev\humanpixel\phyii\yii\framework\web\CBaseController.php(206): CContentDecorator->run()
#8 X:\X_Dev\humanpixel\phyii\yii\framework\web\CBaseController.php(300): SiteController->endWidget()
#9 X:\X_Dev\humanpixel\phyii\ph\protected\views\layouts\column1.php(6): SiteController->endContent()
#10 X:\X_Dev\humanpixel\phyii\yii\framework\web\CBaseController.php(126): require()
#11 X:\X_Dev\humanpixel\phyii\yii\framework\web\CBaseController.php(95): SiteController->renderInternal()
#12 X:\X_Dev\humanpixel\phyii\yii\framework\web\CController.php(784): SiteController->renderFile()
#13 X:\X_Dev\humanpixel\phyii\ph\protected\controllers\SiteController.php(32): SiteController->render()
#14 X:\X_Dev\humanpixel\phyii\yii\framework\web\actions\CInlineAction.php(49): SiteController->actionIndex()
#15 X:\X_Dev\humanpixel\phyii\yii\framework\web\CController.php(308): CInlineAction->runWithParams()
#16 X:\X_Dev\humanpixel\phyii\yii\framework\web\CController.php(286): SiteController->runAction()
#17 X:\X_Dev\humanpixel\phyii\yii\framework\web\CController.php(265): SiteController->runActionWithFilters()
#18 X:\X_Dev\humanpixel\phyii\yii\framework\web\CWebApplication.php(282): SiteController->run()
#19 X:\X_Dev\humanpixel\phyii\yii\framework\web\CWebApplication.php(141): CWebApplication->runController()
#20 X:\X_Dev\humanpixel\phyii\yii\framework\base\CApplication.php(180): CWebApplication->processRequest()
#21 X:\X_Dev\humanpixel\phyii\ph\index.php(18): CWebApplication->run()
REQUEST_URI=/phyii/index.php
in X:\X_Dev\humanpixel\phyii\ph\protected\views\layouts\extra.php (42)
in X:\X_Dev\humanpixel\phyii\ph\protected\views\layouts\main.php (36)
in X:\X_Dev\humanpixel\phyii\ph\protected\views\layouts\column1.php (6)
2013/08/08 11:00:59 [error] [php] Undefined variable: url (X:\X_Dev\humanpixel\phyii\ph\protected\views\pixelsActifs\index.php:3)
Stack trace:
#0 X:\X_Dev\humanpixel\phyii\yii\framework\web\CController.php(869): PixelsActifsController->renderFile()
#1 X:\X_Dev\humanpixel\phyii\yii\framework\web\CController.php(782): PixelsActifsController->renderPartial()
#2 X:\X_Dev\humanpixel\phyii\ph\protected\controllers\PixelsActifsController.php(23): PixelsActifsController->render()
#3 X:\X_Dev\humanpixel\phyii\yii\framework\web\actions\CInlineAction.php(49): PixelsActifsController->actionIndex()
#4 X:\X_Dev\humanpixel\phyii\yii\framework\web\CController.php(308): CInlineAction->runWithParams()
#5 X:\X_Dev\humanpixel\phyii\yii\framework\web\CController.php(286): PixelsActifsController->runAction()
#6 X:\X_Dev\humanpixel\phyii\yii\framework\web\CController.php(265): PixelsActifsController->runActionWithFilters()
#7 X:\X_Dev\humanpixel\phyii\yii\framework\web\CWebApplication.php(282): PixelsActifsController->run()
#8 X:\X_Dev\humanpixel\phyii\yii\framework\web\CWebApplication.php(141): CWebApplication->runController()
#9 X:\X_Dev\humanpixel\phyii\yii\framework\base\CApplication.php(180): CWebApplication->processRequest()
#10 X:\X_Dev\humanpixel\phyii\ph\index.php(18): CWebApplication->run()
REQUEST_URI=/phyii/index.php?r=pixelsActifs
in X:\X_Dev\humanpixel\phyii\ph\protected\views\pixelsActifs\index.php (3)
in X:\X_Dev\humanpixel\phyii\ph\protected\controllers\PixelsActifsController.php (23)
in X:\X_Dev\humanpixel\phyii\ph\index.php (18)
2013/08/08 13:38:34 [error] [php] include(WhSelect2.php) [<a href='function.include'>function.include</a>]: failed to open stream: No such file or directory (X:\X_Dev\humanpixel\phyii\yii\framework\YiiBase.php:421)
Stack trace:
#0 X:\X_Dev\humanpixel\phyii\ph\protected\views\layouts\extra.php(38): spl_autoload_call()
#1 X:\X_Dev\humanpixel\phyii\yii\framework\web\CBaseController.php(126): require()
#2 X:\X_Dev\humanpixel\phyii\yii\framework\web\CBaseController.php(95): PixelsActifsController->renderInternal()
#3 X:\X_Dev\humanpixel\phyii\yii\framework\web\CController.php(869): PixelsActifsController->renderFile()
#4 X:\X_Dev\humanpixel\phyii\ph\protected\views\layouts\main.php(37): PixelsActifsController->renderPartial()
#5 X:\X_Dev\humanpixel\phyii\yii\framework\web\CBaseController.php(126): require()
#6 X:\X_Dev\humanpixel\phyii\yii\framework\web\CBaseController.php(95): PixelsActifsController->renderInternal()
#7 X:\X_Dev\humanpixel\phyii\yii\framework\web\widgets\CContentDecorator.php(76): PixelsActifsController->renderFile()
#8 X:\X_Dev\humanpixel\phyii\yii\framework\web\widgets\CContentDecorator.php(54): CContentDecorator->decorate()
#9 X:\X_Dev\humanpixel\phyii\yii\framework\web\widgets\COutputProcessor.php(44): CContentDecorator->processOutput()
#10 X:\X_Dev\humanpixel\phyii\yii\framework\web\CBaseController.php(206): CContentDecorator->run()
#11 X:\X_Dev\humanpixel\phyii\yii\framework\web\CBaseController.php(300): PixelsActifsController->endWidget()
#12 X:\X_Dev\humanpixel\phyii\ph\protected\views\layouts\column1.php(6): PixelsActifsController->endContent()
#13 X:\X_Dev\humanpixel\phyii\yii\framework\web\CBaseController.php(126): require()
#14 X:\X_Dev\humanpixel\phyii\yii\framework\web\CBaseController.php(95): PixelsActifsController->renderInternal()
#15 X:\X_Dev\humanpixel\phyii\yii\framework\web\CController.php(784): PixelsActifsController->renderFile()
#16 X:\X_Dev\humanpixel\phyii\ph\protected\controllers\PixelsActifsController.php(23): PixelsActifsController->render()
#17 X:\X_Dev\humanpixel\phyii\yii\framework\web\actions\CInlineAction.php(49): PixelsActifsController->actionIndex()
#18 X:\X_Dev\humanpixel\phyii\yii\framework\web\CController.php(308): CInlineAction->runWithParams()
#19 X:\X_Dev\humanpixel\phyii\yii\framework\web\CController.php(286): PixelsActifsController->runAction()
#20 X:\X_Dev\humanpixel\phyii\yii\framework\web\CController.php(265): PixelsActifsController->runActionWithFilters()
#21 X:\X_Dev\humanpixel\phyii\yii\framework\web\CWebApplication.php(282): PixelsActifsController->run()
#22 X:\X_Dev\humanpixel\phyii\yii\framework\web\CWebApplication.php(141): CWebApplication->runController()
#23 X:\X_Dev\humanpixel\phyii\yii\framework\base\CApplication.php(180): CWebApplication->processRequest()
#24 X:\X_Dev\humanpixel\phyii\ph\index.php(18): CWebApplication->run()
REQUEST_URI=/phyii/index.php?r=pixelsActifs
in X:\X_Dev\humanpixel\phyii\ph\protected\views\layouts\extra.php (38)
in X:\X_Dev\humanpixel\phyii\ph\protected\views\layouts\main.php (37)
in X:\X_Dev\humanpixel\phyii\ph\protected\views\layouts\column1.php (6)
2013/08/08 20:56:24 [error] [php] in_array() expects parameter 2 to be array, null given (X:\X_Dev\humanpixel\phyii\ph\protected\controllers\SiteController.php:156)
Stack trace:
#0 X:\X_Dev\humanpixel\phyii\yii\framework\web\CController.php(308): CInlineAction->runWithParams()
#1 X:\X_Dev\humanpixel\phyii\yii\framework\web\CController.php(286): SiteController->runAction()
#2 X:\X_Dev\humanpixel\phyii\yii\framework\web\CController.php(265): SiteController->runActionWithFilters()
#3 X:\X_Dev\humanpixel\phyii\yii\framework\web\CWebApplication.php(282): SiteController->run()
#4 X:\X_Dev\humanpixel\phyii\yii\framework\web\CWebApplication.php(141): CWebApplication->runController()
#5 X:\X_Dev\humanpixel\phyii\yii\framework\base\CApplication.php(180): CWebApplication->processRequest()
#6 X:\X_Dev\humanpixel\phyii\ph\index.php(18): CWebApplication->run()
REQUEST_URI=/phyii/index.php?r=site/register2
in X:\X_Dev\humanpixel\phyii\ph\protected\controllers\SiteController.php (156)
in X:\X_Dev\humanpixel\phyii\ph\index.php (18)
2013/08/08 20:57:17 [error] [php] Trying to get property of non-object (X:\X_Dev\humanpixel\phyii\ph\protected\controllers\SiteController.php:154)
Stack trace:
#0 X:\X_Dev\humanpixel\phyii\yii\framework\web\CController.php(286): SiteController->runAction()
#1 X:\X_Dev\humanpixel\phyii\yii\framework\web\CController.php(265): SiteController->runActionWithFilters()
#2 X:\X_Dev\humanpixel\phyii\yii\framework\web\CWebApplication.php(282): SiteController->run()
#3 X:\X_Dev\humanpixel\phyii\yii\framework\web\CWebApplication.php(141): CWebApplication->runController()
#4 X:\X_Dev\humanpixel\phyii\yii\framework\base\CApplication.php(180): CWebApplication->processRequest()
#5 X:\X_Dev\humanpixel\phyii\ph\index.php(18): CWebApplication->run()
REQUEST_URI=/phyii/index.php?r=site/register2
in X:\X_Dev\humanpixel\phyii\ph\protected\controllers\SiteController.php (154)
in X:\X_Dev\humanpixel\phyii\ph\index.php (18)
2013/08/08 21:01:26 [error] [php] in_array() expects parameter 2 to be array, null given (X:\X_Dev\humanpixel\phyii\ph\protected\controllers\SiteController.php:157)
Stack trace:
#0 X:\X_Dev\humanpixel\phyii\yii\framework\web\CController.php(308): CInlineAction->runWithParams()
#1 X:\X_Dev\humanpixel\phyii\yii\framework\web\CController.php(286): SiteController->runAction()
#2 X:\X_Dev\humanpixel\phyii\yii\framework\web\CController.php(265): SiteController->runActionWithFilters()
#3 X:\X_Dev\humanpixel\phyii\yii\framework\web\CWebApplication.php(282): SiteController->run()
#4 X:\X_Dev\humanpixel\phyii\yii\framework\web\CWebApplication.php(141): CWebApplication->runController()
#5 X:\X_Dev\humanpixel\phyii\yii\framework\base\CApplication.php(180): CWebApplication->processRequest()
#6 X:\X_Dev\humanpixel\phyii\ph\index.php(18): CWebApplication->run()
REQUEST_URI=/phyii/index.php?r=site/register2
in X:\X_Dev\humanpixel\phyii\ph\protected\controllers\SiteController.php (157)
in X:\X_Dev\humanpixel\phyii\ph\index.php (18)
2013/08/09 16:26:34 [error] [exception.CException] exception 'CException' with message 'Object configuration must be an array containing a "class" element.' in X:\X_Dev\humanpixel\pixelHumain\yii\framework\YiiBase.php:193
Stack trace:
#0 X:\X_Dev\humanpixel\pixelHumain\yii\framework\base\CModule.php(386): YiiBase::createComponent(Array)
#1 X:\X_Dev\humanpixel\pixelHumain\yii\framework\base\CModule.php(103): CModule->getComponent('mongodb')
#2 X:\X_Dev\humanpixel\pixelHumain\ph\protected\views\pixelsActifs\index.php(15): CModule->__get('mongodb')
#3 X:\X_Dev\humanpixel\pixelHumain\yii\framework\web\CBaseController.php(126): require('X:\X_Dev\humanp...')
#4 X:\X_Dev\humanpixel\pixelHumain\yii\framework\web\CBaseController.php(95): CBaseController->renderInternal('X:\X_Dev\humanp...', NULL, true)
#5 X:\X_Dev\humanpixel\pixelHumain\yii\framework\web\CController.php(869): CBaseController->renderFile('X:\X_Dev\humanp...', NULL, true)
#6 X:\X_Dev\humanpixel\pixelHumain\yii\framework\web\CController.php(782): CController->renderPartial('index', NULL, true)
#7 X:\X_Dev\humanpixel\pixelHumain\ph\protected\controllers\PixelsActifsController.php(23): CController->render('index')
#8 X:\X_Dev\humanpixel\pixelHumain\yii\framework\web\actions\CInlineAction.php(49): PixelsActifsController->actionIndex()
#9 X:\X_Dev\humanpixel\pixelHumain\yii\framework\web\CController.php(308): CInlineAction->runWithParams(Array)
#10 X:\X_Dev\humanpixel\pixelHumain\yii\framework\web\CController.php(286): CController->runAction(Object(CInlineAction))
#11 X:\X_Dev\humanpixel\pixelHumain\yii\framework\web\CController.php(265): CController->runActionWithFilters(Object(CInlineAction), Array)
#12 X:\X_Dev\humanpixel\pixelHumain\yii\framework\web\CWebApplication.php(282): CController->run('')
#13 X:\X_Dev\humanpixel\pixelHumain\yii\framework\web\CWebApplication.php(141): CWebApplication->runController('pixelsActifs')
#14 X:\X_Dev\humanpixel\pixelHumain\yii\framework\base\CApplication.php(180): CWebApplication->processRequest()
#15 X:\X_Dev\humanpixel\pixelHumain\ph\index.php(18): CApplication->run()
#16 {main}
REQUEST_URI=/ph/index.php?r=pixelsActifs
HTTP_REFERER=http://127.0.0.1/ph/index.php?r=financement
---
2013/08/12 18:46:09 [error] [php] mail() [<a href='function.mail'>function.mail</a>]: Failed to connect to mailserver at &quot;ssl://smtp.googlemail.com&quot; port 465, verify your &quot;SMTP&quot; and &quot;smtp_port&quot; setting in php.ini or use ini_set() (X:\X_Dev\humanpixel\pixelHumain\ph\protected\controllers\PixelsActifsController.php:59)
Stack trace:
#0 X:\X_Dev\humanpixel\pixelHumain\yii\framework\web\CController.php(308): CInlineAction->runWithParams()
#1 X:\X_Dev\humanpixel\pixelHumain\yii\framework\web\CController.php(286): PixelsActifsController->runAction()
#2 X:\X_Dev\humanpixel\pixelHumain\yii\framework\web\CController.php(265): PixelsActifsController->runActionWithFilters()
#3 X:\X_Dev\humanpixel\pixelHumain\yii\framework\web\CWebApplication.php(282): PixelsActifsController->run()
#4 X:\X_Dev\humanpixel\pixelHumain\yii\framework\web\CWebApplication.php(141): CWebApplication->runController()
#5 X:\X_Dev\humanpixel\pixelHumain\yii\framework\base\CApplication.php(180): CWebApplication->processRequest()
#6 X:\X_Dev\humanpixel\pixelHumain\ph\index.php(18): CWebApplication->run()
REQUEST_URI=/ph/index.php?r=pixelsactifs/register
in X:\X_Dev\humanpixel\pixelHumain\ph\protected\controllers\PixelsActifsController.php (59)
in X:\X_Dev\humanpixel\pixelHumain\ph\index.php (18)
2013/08/12 19:03:13 [error] [php] mail() [<a href='function.mail'>function.mail</a>]: Failed to connect to mailserver at &quot;ssl://smtp.googlemail.com&quot; port 465, verify your &quot;SMTP&quot; and &quot;smtp_port&quot; setting in php.ini or use ini_set() (X:\X_Dev\humanpixel\pixelHumain\ph\protected\controllers\PixelsActifsController.php:59)
Stack trace:
#0 X:\X_Dev\humanpixel\pixelHumain\yii\framework\web\CController.php(308): CInlineAction->runWithParams()
#1 X:\X_Dev\humanpixel\pixelHumain\yii\framework\web\CController.php(286): PixelsActifsController->runAction()
#2 X:\X_Dev\humanpixel\pixelHumain\yii\framework\web\CController.php(265): PixelsActifsController->runActionWithFilters()
#3 X:\X_Dev\humanpixel\pixelHumain\yii\framework\web\CWebApplication.php(282): PixelsActifsController->run()
#4 X:\X_Dev\humanpixel\pixelHumain\yii\framework\web\CWebApplication.php(141): CWebApplication->runController()
#5 X:\X_Dev\humanpixel\pixelHumain\yii\framework\base\CApplication.php(180): CWebApplication->processRequest()
#6 X:\X_Dev\humanpixel\pixelHumain\ph\index.php(18): CWebApplication->run()
REQUEST_URI=/ph/index.php?r=pixelsactifs/register
in X:\X_Dev\humanpixel\pixelHumain\ph\protected\controllers\PixelsActifsController.php (59)
in X:\X_Dev\humanpixel\pixelHumain\ph\index.php (18)
